<?xml version="1.0" encoding="UTF-8"?>
<!-- Generated by org.testng.reporters.JUnitXMLReporter -->
<testsuite ignored="0" hostname="DESKTOP-3EF5K2Q" failures="0" tests="3" name="Test" time="13.449" errors="0" timestamp="2024-04-01T15:26:37 IST">
  <testcase classname="com.crm.TestCases.HomePagesTest" name="verifyAppUrl" time="0.025"/>
  <testcase classname="com.crm.TestCases.HomePagesTest" name="verifyTitle" time="0.017"/>
  <testcase classname="com.crm.TestCases.HomePagesTest" name="verifySignIn" time="1.032"/>
</testsuite> <!-- Test -->
