<?xml version="1.0" encoding="UTF-8"?>
<testng-results ignored="0" total="3" passed="3" failed="0" skipped="0">
  <reporter-output>
    <line>
      <![CDATA[]]>
    </line>
    <line>
      <![CDATA[]]>
    </line>
    <line>
      <![CDATA[]]>
    </line>
    <line>
      <![CDATA[Driver session Eststablished with server!]]>
    </line>
    <line>
      <![CDATA[Driver session Eststablished with server!]]>
    </line>
    <line>
      <![CDATA[Driver session Eststablished with server!]]>
    </line>
    <line>
      <![CDATA[Test execution for amazon.in!]]>
    </line>
    <line>
      <![CDATA[Test execution for amazon.in on Chrome completed!]]>
    </line>
    <line>
      <![CDATA[Test execution for amazon.in!]]>
    </line>
    <line>
      <![CDATA[Test execution for amazon.in on Chrome completed!]]>
    </line>
    <line>
      <![CDATA[Test execution for amazon.in!]]>
    </line>
    <line>
      <![CDATA[Test execution for amazon.in on Chrome completed!]]>
    </line>
  </reporter-output>
  <suite started-at="2024-04-06T17:21:17 IST" name="Suite" finished-at="2024-04-06T17:22:02 IST" duration-ms="45223">
    <groups>
    </groups>
    <test started-at="2024-04-06T17:21:17 IST" name="Test1" finished-at="2024-04-06T17:21:51 IST" duration-ms="33633">
      <class name="seleniumGrid.crossbrowser">
        <test-method signature="crossGrid(java.lang.String)[pri:0, instance:seleniumGrid.crossbrowser@59662a0b]" started-at="2024-04-06T17:21:17 IST" name="crossGrid" finished-at="2024-04-06T17:21:51 IST" duration-ms="33549" status="PASS">
          <params>
            <param index="0">
              <value>
                <![CDATA[chrome]]>
              </value>
            </param>
          </params>
          <reporter-output>
            <line>
              <![CDATA[]]>
            </line>
            <line>
              <![CDATA[Driver session Eststablished with server!]]>
            </line>
            <line>
              <![CDATA[Test execution for amazon.in!]]>
            </line>
            <line>
              <![CDATA[Test execution for amazon.in on Chrome completed!]]>
            </line>
          </reporter-output>
        </test-method> <!-- crossGrid -->
      </class> <!-- seleniumGrid.crossbrowser -->
    </test> <!-- Test1 -->
    <test started-at="2024-04-06T17:21:17 IST" name="Test3" finished-at="2024-04-06T17:21:59 IST" duration-ms="42139">
      <class name="seleniumGrid.crossbrowser">
        <test-method signature="crossGrid(java.lang.String)[pri:0, instance:seleniumGrid.crossbrowser@5b7a5baa]" started-at="2024-04-06T17:21:17 IST" name="crossGrid" finished-at="2024-04-06T17:21:59 IST" duration-ms="42073" status="PASS">
          <params>
            <param index="0">
              <value>
                <![CDATA[firefox]]>
              </value>
            </param>
          </params>
          <reporter-output>
            <line>
              <![CDATA[]]>
            </line>
            <line>
              <![CDATA[Driver session Eststablished with server!]]>
            </line>
            <line>
              <![CDATA[Test execution for amazon.in!]]>
            </line>
            <line>
              <![CDATA[Test execution for amazon.in on Chrome completed!]]>
            </line>
          </reporter-output>
        </test-method> <!-- crossGrid -->
      </class> <!-- seleniumGrid.crossbrowser -->
    </test> <!-- Test3 -->
    <test started-at="2024-04-06T17:21:17 IST" name="Test2" finished-at="2024-04-06T17:22:02 IST" duration-ms="45223">
      <class name="seleniumGrid.crossbrowser">
        <test-method signature="crossGrid(java.lang.String)[pri:0, instance:seleniumGrid.crossbrowser@4afcd809]" started-at="2024-04-06T17:21:17 IST" name="crossGrid" finished-at="2024-04-06T17:22:02 IST" duration-ms="45149" status="PASS">
          <params>
            <param index="0">
              <value>
                <![CDATA[edge]]>
              </value>
            </param>
          </params>
          <reporter-output>
            <line>
              <![CDATA[]]>
            </line>
            <line>
              <![CDATA[Driver session Eststablished with server!]]>
            </line>
            <line>
              <![CDATA[Test execution for amazon.in!]]>
            </line>
            <line>
              <![CDATA[Test execution for amazon.in on Chrome completed!]]>
            </line>
          </reporter-output>
        </test-method> <!-- crossGrid -->
      </class> <!-- seleniumGrid.crossbrowser -->
    </test> <!-- Test2 -->
  </suite> <!-- Suite -->
</testng-results>
