<?xml version="1.0" encoding="UTF-8"?>
<testng-results ignored="0" total="3" passed="3" failed="0" skipped="0">
  <reporter-output>
  </reporter-output>
  <suite started-at="2024-04-01T15:26:24 IST" name="Suite" finished-at="2024-04-01T15:26:37 IST" duration-ms="13449">
    <groups>
    </groups>
    <test started-at="2024-04-01T15:26:24 IST" name="Test" finished-at="2024-04-01T15:26:37 IST" duration-ms="13449">
      <class name="com.crm.TestCases.HomePagesTest">
        <test-method is-config="true" signature="setUp()[pri:0, instance:com.crm.TestCases.HomePagesTest@368f2016]" started-at="2024-04-01T15:26:24 IST" name="setUp" finished-at="2024-04-01T15:26:36 IST" duration-ms="12314" status="PASS">
          <reporter-output>
          </reporter-output>
        </test-method> <!-- setUp -->
        <test-method signature="verifyAppUrl()[pri:1, instance:com.crm.TestCases.HomePagesTest@368f2016]" started-at="2024-04-01T15:26:36 IST" name="verifyAppUrl" finished-at="2024-04-01T15:26:36 IST" duration-ms="25" status="PASS">
          <reporter-output>
          </reporter-output>
        </test-method> <!-- verifyAppUrl -->
        <test-method signature="verifyTitle()[pri:2, instance:com.crm.TestCases.HomePagesTest@368f2016]" started-at="2024-04-01T15:26:36 IST" name="verifyTitle" finished-at="2024-04-01T15:26:36 IST" duration-ms="17" status="PASS">
          <reporter-output>
          </reporter-output>
        </test-method> <!-- verifyTitle -->
        <test-method signature="verifySignIn()[pri:3, instance:com.crm.TestCases.HomePagesTest@368f2016]" started-at="2024-04-01T15:26:36 IST" name="verifySignIn" finished-at="2024-04-01T15:26:37 IST" duration-ms="1032" status="PASS">
          <reporter-output>
          </reporter-output>
        </test-method> <!-- verifySignIn -->
      </class> <!-- com.crm.TestCases.HomePagesTest -->
    </test> <!-- Test -->
  </suite> <!-- Suite -->
</testng-results>
